[0.683s] Invoking command in '/home/ezo/f1tenth_ws/src/car_description': PYTHONPATH=/home/ezo/f1tenth_ws/build/car_description/prefix_override:/usr/lib/python3/dist-packages/colcon_core/task/python/colcon_distutils_commands:/home/ezo/f1tenth_ws/install/car_description/lib/python3.10/site-packages:${PYTHONPATH} /usr/bin/python3 -W ignore:setup.py install is deprecated -W ignore:easy_install command is deprecated setup.py egg_info --egg-base ../../build/car_description build --build-base /home/ezo/f1tenth_ws/build/car_description/build install --record /home/ezo/f1tenth_ws/build/car_description/install.log --single-version-externally-managed install_data
[0.879s] running egg_info
[0.879s] creating ../../build/car_description/car_description.egg-info
[0.879s] writing ../../build/car_description/car_description.egg-info/PKG-INFO
[0.879s] writing dependency_links to ../../build/car_description/car_description.egg-info/dependency_links.txt
[0.880s] writing entry points to ../../build/car_description/car_description.egg-info/entry_points.txt
[0.880s] writing requirements to ../../build/car_description/car_description.egg-info/requires.txt
[0.880s] writing top-level names to ../../build/car_description/car_description.egg-info/top_level.txt
[0.880s] writing manifest file '../../build/car_description/car_description.egg-info/SOURCES.txt'
[0.881s] reading manifest file '../../build/car_description/car_description.egg-info/SOURCES.txt'
[0.882s] writing manifest file '../../build/car_description/car_description.egg-info/SOURCES.txt'
[0.882s] running build
[0.882s] running build_py
[0.882s] creating /home/ezo/f1tenth_ws/build/car_description/build
[0.882s] creating /home/ezo/f1tenth_ws/build/car_description/build/lib
[0.882s] creating /home/ezo/f1tenth_ws/build/car_description/build/lib/car_description
[0.882s] copying car_description/__init__.py -> /home/ezo/f1tenth_ws/build/car_description/build/lib/car_description
[0.882s] running install
[0.883s] running install_lib
[0.883s] creating /home/ezo/f1tenth_ws/install/car_description/lib/python3.10/site-packages/car_description
[0.883s] copying /home/ezo/f1tenth_ws/build/car_description/build/lib/car_description/__init__.py -> /home/ezo/f1tenth_ws/install/car_description/lib/python3.10/site-packages/car_description
[0.883s] byte-compiling /home/ezo/f1tenth_ws/install/car_description/lib/python3.10/site-packages/car_description/__init__.py to __init__.cpython-310.pyc
[0.883s] running install_data
[0.883s] creating /home/ezo/f1tenth_ws/install/car_description/share/ament_index
[0.883s] creating /home/ezo/f1tenth_ws/install/car_description/share/ament_index/resource_index
[0.884s] creating /home/ezo/f1tenth_ws/install/car_description/share/ament_index/resource_index/packages
[0.884s] copying resource/car_description -> /home/ezo/f1tenth_ws/install/car_description/share/ament_index/resource_index/packages
[0.884s] copying package.xml -> /home/ezo/f1tenth_ws/install/car_description/share/car_description
[0.884s] copying launch/rviz_launch.launch.py -> /home/ezo/f1tenth_ws/install/car_description/share/car_description
[0.884s] creating /home/ezo/f1tenth_ws/install/car_description/share/car_description/urdf
[0.884s] copying urdf/material.xacro -> /home/ezo/f1tenth_ws/install/car_description/share/car_description/urdf
[0.884s] copying urdf/macros.xacro -> /home/ezo/f1tenth_ws/install/car_description/share/car_description/urdf
[0.884s] copying urdf/base_link.xacro -> /home/ezo/f1tenth_ws/install/car_description/share/car_description/urdf
[0.884s] creating /home/ezo/f1tenth_ws/install/car_description/share/car_description/meshes
[0.884s] copying meshes/steering_hinge.stl -> /home/ezo/f1tenth_ws/install/car_description/share/car_description/meshes
[0.885s] copying meshes/wheel.stl -> /home/ezo/f1tenth_ws/install/car_description/share/car_description/meshes
[0.885s] copying meshes/right_wheel.stl -> /home/ezo/f1tenth_ws/install/car_description/share/car_description/meshes
[0.885s] copying meshes/chassis.stl -> /home/ezo/f1tenth_ws/install/car_description/share/car_description/meshes
[0.885s] copying meshes/left_wheel.stl -> /home/ezo/f1tenth_ws/install/car_description/share/car_description/meshes
[0.885s] creating /home/ezo/f1tenth_ws/install/car_description/share/car_description/rviz
[0.885s] copying rviz/racecar.rviz -> /home/ezo/f1tenth_ws/install/car_description/share/car_description/rviz
[0.885s] creating /home/ezo/f1tenth_ws/install/car_description/share/car_description/config
[0.885s] copying config/car_params.yaml -> /home/ezo/f1tenth_ws/install/car_description/share/car_description/config
[0.885s] copying config/ackermann_control.yaml -> /home/ezo/f1tenth_ws/install/car_description/share/car_description/config
[0.885s] running install_egg_info
[0.886s] Copying ../../build/car_description/car_description.egg-info to /home/ezo/f1tenth_ws/install/car_description/lib/python3.10/site-packages/car_description-0.0.0-py3.10.egg-info
[0.887s] running install_scripts
[0.902s] writing list of installed files to '/home/ezo/f1tenth_ws/build/car_description/install.log'
[0.929s] Invoked command in '/home/ezo/f1tenth_ws/src/car_description' returned '0': PYTHONPATH=/home/ezo/f1tenth_ws/build/car_description/prefix_override:/usr/lib/python3/dist-packages/colcon_core/task/python/colcon_distutils_commands:/home/ezo/f1tenth_ws/install/car_description/lib/python3.10/site-packages:${PYTHONPATH} /usr/bin/python3 -W ignore:setup.py install is deprecated -W ignore:easy_install command is deprecated setup.py egg_info --egg-base ../../build/car_description build --build-base /home/ezo/f1tenth_ws/build/car_description/build install --record /home/ezo/f1tenth_ws/build/car_description/install.log --single-version-externally-managed install_data
