[0.492s] Invoking command in '/home/ezo/f1tenth_ws/build/car_description': CONDA_PROMPT_MODIFIER=(base) PYTHONPATH=/home/ezo/f1tenth_ws/build/car_description/prefix_override:/usr/lib/python3/dist-packages/colcon_core/task/python/colcon_distutils_commands:/home/ezo/f1tenth_ws/install/car_description/lib/python3.10/site-packages:${PYTHONPATH} /usr/bin/python3 -W ignore:setup.py install is deprecated -W ignore:easy_install command is deprecated setup.py develop --editable --build-directory /home/ezo/f1tenth_ws/build/car_description/build --no-deps symlink_data --force
[0.702s] running develop
[0.840s] running egg_info
[0.840s] writing car_description.egg-info/PKG-INFO
[0.840s] writing dependency_links to car_description.egg-info/dependency_links.txt
[0.840s] writing entry points to car_description.egg-info/entry_points.txt
[0.840s] writing requirements to car_description.egg-info/requires.txt
[0.840s] writing top-level names to car_description.egg-info/top_level.txt
[0.842s] reading manifest file 'car_description.egg-info/SOURCES.txt'
[0.842s] writing manifest file 'car_description.egg-info/SOURCES.txt'
[0.843s] running build_ext
[0.843s] Creating /home/ezo/f1tenth_ws/install/car_description/lib/python3.10/site-packages/car-description.egg-link (link to .)
[0.844s] 
[0.844s] Installed /home/ezo/f1tenth_ws/build/car_description
[0.844s] running symlink_data
[0.844s] symbolically linking /home/ezo/f1tenth_ws/build/car_description/resource/car_description -> /home/ezo/f1tenth_ws/install/car_description/share/ament_index/resource_index/packages
[0.844s] symbolically linking /home/ezo/f1tenth_ws/build/car_description/package.xml -> /home/ezo/f1tenth_ws/install/car_description/share/car_description
[0.845s] symbolically linking /home/ezo/f1tenth_ws/build/car_description/launch/rviz_launch.launch.py -> /home/ezo/f1tenth_ws/install/car_description/share/car_description
[0.845s] symbolically linking /home/ezo/f1tenth_ws/build/car_description/urdf/material.xacro -> /home/ezo/f1tenth_ws/install/car_description/share/car_description/urdf
[0.845s] symbolically linking /home/ezo/f1tenth_ws/build/car_description/urdf/macros.xacro -> /home/ezo/f1tenth_ws/install/car_description/share/car_description/urdf
[0.845s] symbolically linking /home/ezo/f1tenth_ws/build/car_description/urdf/base_link.xacro -> /home/ezo/f1tenth_ws/install/car_description/share/car_description/urdf
[0.845s] symbolically linking /home/ezo/f1tenth_ws/build/car_description/meshes/steering_hinge.stl -> /home/ezo/f1tenth_ws/install/car_description/share/car_description/meshes
[0.845s] symbolically linking /home/ezo/f1tenth_ws/build/car_description/meshes/wheel.stl -> /home/ezo/f1tenth_ws/install/car_description/share/car_description/meshes
[0.845s] symbolically linking /home/ezo/f1tenth_ws/build/car_description/meshes/right_wheel.stl -> /home/ezo/f1tenth_ws/install/car_description/share/car_description/meshes
[0.845s] symbolically linking /home/ezo/f1tenth_ws/build/car_description/meshes/chassis.stl -> /home/ezo/f1tenth_ws/install/car_description/share/car_description/meshes
[0.845s] symbolically linking /home/ezo/f1tenth_ws/build/car_description/meshes/left_wheel.stl -> /home/ezo/f1tenth_ws/install/car_description/share/car_description/meshes
[0.845s] symbolically linking /home/ezo/f1tenth_ws/build/car_description/rviz/racecar.rviz -> /home/ezo/f1tenth_ws/install/car_description/share/car_description/rviz
[0.845s] symbolically linking /home/ezo/f1tenth_ws/build/car_description/config/car_params.yaml -> /home/ezo/f1tenth_ws/install/car_description/share/car_description/config
[0.845s] symbolically linking /home/ezo/f1tenth_ws/build/car_description/config/ackermann_control.yaml -> /home/ezo/f1tenth_ws/install/car_description/share/car_description/config
[0.863s] Invoked command in '/home/ezo/f1tenth_ws/build/car_description' returned '0': CONDA_PROMPT_MODIFIER=(base) PYTHONPATH=/home/ezo/f1tenth_ws/build/car_description/prefix_override:/usr/lib/python3/dist-packages/colcon_core/task/python/colcon_distutils_commands:/home/ezo/f1tenth_ws/install/car_description/lib/python3.10/site-packages:${PYTHONPATH} /usr/bin/python3 -W ignore:setup.py install is deprecated -W ignore:easy_install command is deprecated setup.py develop --editable --build-directory /home/ezo/f1tenth_ws/build/car_description/build --no-deps symlink_data --force
