[0.681s] Invoking command in '/home/ezo/f1tenth_ws/src/keyboard_teleop': PYTHONPATH=/home/ezo/f1tenth_ws/build/keyboard_teleop/prefix_override:/usr/lib/python3/dist-packages/colcon_core/task/python/colcon_distutils_commands:/home/ezo/f1tenth_ws/install/keyboard_teleop/lib/python3.10/site-packages:${PYTHONPATH} /usr/bin/python3 -W ignore:setup.py install is deprecated -W ignore:easy_install command is deprecated setup.py egg_info --egg-base ../../build/keyboard_teleop build --build-base /home/ezo/f1tenth_ws/build/keyboard_teleop/build install --record /home/ezo/f1tenth_ws/build/keyboard_teleop/install.log --install-scripts $base/lib/keyboard_teleop --single-version-externally-managed install_data
[0.862s] /usr/lib/python3/dist-packages/setuptools/dist.py:723: UserWarning: Usage of dash-separated 'script-dir' will not be supported in future versions. Please use the underscore name 'script_dir' instead
[0.862s]   warnings.warn(
[0.868s] running egg_info
[0.869s] creating ../../build/keyboard_teleop/keyboard_teleop.egg-info
[0.869s] writing ../../build/keyboard_teleop/keyboard_teleop.egg-info/PKG-INFO
[0.869s] writing dependency_links to ../../build/keyboard_teleop/keyboard_teleop.egg-info/dependency_links.txt
[0.869s] writing entry points to ../../build/keyboard_teleop/keyboard_teleop.egg-info/entry_points.txt
[0.869s] writing requirements to ../../build/keyboard_teleop/keyboard_teleop.egg-info/requires.txt
[0.869s] writing top-level names to ../../build/keyboard_teleop/keyboard_teleop.egg-info/top_level.txt
[0.869s] writing manifest file '../../build/keyboard_teleop/keyboard_teleop.egg-info/SOURCES.txt'
[0.870s] reading manifest file '../../build/keyboard_teleop/keyboard_teleop.egg-info/SOURCES.txt'
[0.870s] adding license file 'LICENSE'
[0.871s] writing manifest file '../../build/keyboard_teleop/keyboard_teleop.egg-info/SOURCES.txt'
[0.871s] running build
[0.871s] running build_py
[0.871s] creating /home/ezo/f1tenth_ws/build/keyboard_teleop/build
[0.871s] creating /home/ezo/f1tenth_ws/build/keyboard_teleop/build/lib
[0.871s] creating /home/ezo/f1tenth_ws/build/keyboard_teleop/build/lib/keyboard_teleop
[0.871s] copying keyboard_teleop/keyboard_teleop_hold.py -> /home/ezo/f1tenth_ws/build/keyboard_teleop/build/lib/keyboard_teleop
[0.871s] copying keyboard_teleop/__init__.py -> /home/ezo/f1tenth_ws/build/keyboard_teleop/build/lib/keyboard_teleop
[0.872s] copying keyboard_teleop/keyboard_teleop_incremental.py -> /home/ezo/f1tenth_ws/build/keyboard_teleop/build/lib/keyboard_teleop
[0.872s] copying keyboard_teleop/teleop.py -> /home/ezo/f1tenth_ws/build/keyboard_teleop/build/lib/keyboard_teleop
[0.872s] running install
[0.872s] running install_lib
[0.872s] creating /home/ezo/f1tenth_ws/install/keyboard_teleop/lib/python3.10/site-packages/keyboard_teleop
[0.872s] copying /home/ezo/f1tenth_ws/build/keyboard_teleop/build/lib/keyboard_teleop/keyboard_teleop_hold.py -> /home/ezo/f1tenth_ws/install/keyboard_teleop/lib/python3.10/site-packages/keyboard_teleop
[0.872s] copying /home/ezo/f1tenth_ws/build/keyboard_teleop/build/lib/keyboard_teleop/__init__.py -> /home/ezo/f1tenth_ws/install/keyboard_teleop/lib/python3.10/site-packages/keyboard_teleop
[0.872s] copying /home/ezo/f1tenth_ws/build/keyboard_teleop/build/lib/keyboard_teleop/keyboard_teleop_incremental.py -> /home/ezo/f1tenth_ws/install/keyboard_teleop/lib/python3.10/site-packages/keyboard_teleop
[0.873s] copying /home/ezo/f1tenth_ws/build/keyboard_teleop/build/lib/keyboard_teleop/teleop.py -> /home/ezo/f1tenth_ws/install/keyboard_teleop/lib/python3.10/site-packages/keyboard_teleop
[0.873s] byte-compiling /home/ezo/f1tenth_ws/install/keyboard_teleop/lib/python3.10/site-packages/keyboard_teleop/keyboard_teleop_hold.py to keyboard_teleop_hold.cpython-310.pyc
[0.873s] byte-compiling /home/ezo/f1tenth_ws/install/keyboard_teleop/lib/python3.10/site-packages/keyboard_teleop/__init__.py to __init__.cpython-310.pyc
[0.874s] byte-compiling /home/ezo/f1tenth_ws/install/keyboard_teleop/lib/python3.10/site-packages/keyboard_teleop/keyboard_teleop_incremental.py to keyboard_teleop_incremental.cpython-310.pyc
[0.874s] byte-compiling /home/ezo/f1tenth_ws/install/keyboard_teleop/lib/python3.10/site-packages/keyboard_teleop/teleop.py to teleop.cpython-310.pyc
[0.875s] running install_data
[0.875s] creating /home/ezo/f1tenth_ws/install/keyboard_teleop/share/ament_index
[0.875s] creating /home/ezo/f1tenth_ws/install/keyboard_teleop/share/ament_index/resource_index
[0.875s] creating /home/ezo/f1tenth_ws/install/keyboard_teleop/share/ament_index/resource_index/packages
[0.875s] copying resource/keyboard_teleop -> /home/ezo/f1tenth_ws/install/keyboard_teleop/share/ament_index/resource_index/packages
[0.875s] copying package.xml -> /home/ezo/f1tenth_ws/install/keyboard_teleop/share/keyboard_teleop
[0.876s] creating /home/ezo/f1tenth_ws/install/keyboard_teleop/share/keyboard_teleop/config
[0.876s] copying config/key_teleop.yaml -> /home/ezo/f1tenth_ws/install/keyboard_teleop/share/keyboard_teleop/config
[0.876s] running install_egg_info
[0.877s] Copying ../../build/keyboard_teleop/keyboard_teleop.egg-info to /home/ezo/f1tenth_ws/install/keyboard_teleop/lib/python3.10/site-packages/keyboard_teleop-0.0.0-py3.10.egg-info
[0.877s] running install_scripts
[0.891s] Installing keyboard_teleop_hold script to /home/ezo/f1tenth_ws/install/keyboard_teleop/lib/keyboard_teleop
[0.892s] Installing keyboard_teleop_incremental script to /home/ezo/f1tenth_ws/install/keyboard_teleop/lib/keyboard_teleop
[0.892s] writing list of installed files to '/home/ezo/f1tenth_ws/build/keyboard_teleop/install.log'
[0.907s] Invoked command in '/home/ezo/f1tenth_ws/src/keyboard_teleop' returned '0': PYTHONPATH=/home/ezo/f1tenth_ws/build/keyboard_teleop/prefix_override:/usr/lib/python3/dist-packages/colcon_core/task/python/colcon_distutils_commands:/home/ezo/f1tenth_ws/install/keyboard_teleop/lib/python3.10/site-packages:${PYTHONPATH} /usr/bin/python3 -W ignore:setup.py install is deprecated -W ignore:easy_install command is deprecated setup.py egg_info --egg-base ../../build/keyboard_teleop build --build-base /home/ezo/f1tenth_ws/build/keyboard_teleop/build install --record /home/ezo/f1tenth_ws/build/keyboard_teleop/install.log --install-scripts $base/lib/keyboard_teleop --single-version-externally-managed install_data
