/home/ezo/f1tenth_ws/install/keyboard_teleop/lib/python3.10/site-packages/keyboard_teleop/keyboard_teleop_hold.py
/home/ezo/f1tenth_ws/install/keyboard_teleop/lib/python3.10/site-packages/keyboard_teleop/__init__.py
/home/ezo/f1tenth_ws/install/keyboard_teleop/lib/python3.10/site-packages/keyboard_teleop/keyboard_teleop_incremental.py
/home/ezo/f1tenth_ws/install/keyboard_teleop/lib/python3.10/site-packages/keyboard_teleop/teleop.py
/home/ezo/f1tenth_ws/install/keyboard_teleop/lib/python3.10/site-packages/keyboard_teleop/__pycache__/keyboard_teleop_hold.cpython-310.pyc
/home/ezo/f1tenth_ws/install/keyboard_teleop/lib/python3.10/site-packages/keyboard_teleop/__pycache__/__init__.cpython-310.pyc
/home/ezo/f1tenth_ws/install/keyboard_teleop/lib/python3.10/site-packages/keyboard_teleop/__pycache__/keyboard_teleop_incremental.cpython-310.pyc
/home/ezo/f1tenth_ws/install/keyboard_teleop/lib/python3.10/site-packages/keyboard_teleop/__pycache__/teleop.cpython-310.pyc
/home/ezo/f1tenth_ws/install/keyboard_teleop/share/ament_index/resource_index/packages/keyboard_teleop
/home/ezo/f1tenth_ws/install/keyboard_teleop/share/keyboard_teleop/package.xml
/home/ezo/f1tenth_ws/install/keyboard_teleop/share/keyboard_teleop/config/key_teleop.yaml
/home/ezo/f1tenth_ws/install/keyboard_teleop/lib/python3.10/site-packages/keyboard_teleop-0.0.0-py3.10.egg-info/dependency_links.txt
/home/ezo/f1tenth_ws/install/keyboard_teleop/lib/python3.10/site-packages/keyboard_teleop-0.0.0-py3.10.egg-info/PKG-INFO
/home/ezo/f1tenth_ws/install/keyboard_teleop/lib/python3.10/site-packages/keyboard_teleop-0.0.0-py3.10.egg-info/requires.txt
/home/ezo/f1tenth_ws/install/keyboard_teleop/lib/python3.10/site-packages/keyboard_teleop-0.0.0-py3.10.egg-info/SOURCES.txt
/home/ezo/f1tenth_ws/install/keyboard_teleop/lib/python3.10/site-packages/keyboard_teleop-0.0.0-py3.10.egg-info/entry_points.txt
/home/ezo/f1tenth_ws/install/keyboard_teleop/lib/python3.10/site-packages/keyboard_teleop-0.0.0-py3.10.egg-info/top_level.txt
/home/ezo/f1tenth_ws/install/keyboard_teleop/lib/python3.10/site-packages/keyboard_teleop-0.0.0-py3.10.egg-info/zip-safe
/home/ezo/f1tenth_ws/install/keyboard_teleop/lib/keyboard_teleop/keyboard_teleop_hold
/home/ezo/f1tenth_ws/install/keyboard_teleop/lib/keyboard_teleop/keyboard_teleop_incremental
