[0.742s] Invoking command in '/home/ezo/f1tenth_ws/src/car_description': PYTHONPATH=/home/ezo/f1tenth_ws/build/car_description/prefix_override:/usr/lib/python3/dist-packages/colcon_core/task/python/colcon_distutils_commands:/home/ezo/f1tenth_ws/install/car_description/lib/python3.10/site-packages:${PYTHONPATH} /usr/bin/python3 -W ignore:setup.py install is deprecated -W ignore:easy_install command is deprecated setup.py egg_info --egg-base ../../build/car_description build --build-base /home/ezo/f1tenth_ws/build/car_description/build install --record /home/ezo/f1tenth_ws/build/car_description/install.log --single-version-externally-managed install_data
[0.938s] running egg_info
[0.939s] writing ../../build/car_description/car_description.egg-info/PKG-INFO
[0.939s] writing dependency_links to ../../build/car_description/car_description.egg-info/dependency_links.txt
[0.939s] writing entry points to ../../build/car_description/car_description.egg-info/entry_points.txt
[0.939s] writing requirements to ../../build/car_description/car_description.egg-info/requires.txt
[0.940s] writing top-level names to ../../build/car_description/car_description.egg-info/top_level.txt
[0.940s] reading manifest file '../../build/car_description/car_description.egg-info/SOURCES.txt'
[0.941s] writing manifest file '../../build/car_description/car_description.egg-info/SOURCES.txt'
[0.941s] running build
[0.941s] running build_py
[0.941s] running install
[0.942s] running install_lib
[0.942s] running install_data
[0.943s] copying config/ackermann_control.yaml -> /home/ezo/f1tenth_ws/install/car_description/share/car_description/config
[0.943s] running install_egg_info
[0.944s] removing '/home/ezo/f1tenth_ws/install/car_description/lib/python3.10/site-packages/car_description-0.0.0-py3.10.egg-info' (and everything under it)
[0.944s] Copying ../../build/car_description/car_description.egg-info to /home/ezo/f1tenth_ws/install/car_description/lib/python3.10/site-packages/car_description-0.0.0-py3.10.egg-info
[0.945s] running install_scripts
[0.960s] writing list of installed files to '/home/ezo/f1tenth_ws/build/car_description/install.log'
[0.993s] Invoked command in '/home/ezo/f1tenth_ws/src/car_description' returned '0': PYTHONPATH=/home/ezo/f1tenth_ws/build/car_description/prefix_override:/usr/lib/python3/dist-packages/colcon_core/task/python/colcon_distutils_commands:/home/ezo/f1tenth_ws/install/car_description/lib/python3.10/site-packages:${PYTHONPATH} /usr/bin/python3 -W ignore:setup.py install is deprecated -W ignore:easy_install command is deprecated setup.py egg_info --egg-base ../../build/car_description build --build-base /home/ezo/f1tenth_ws/build/car_description/build install --record /home/ezo/f1tenth_ws/build/car_description/install.log --single-version-externally-managed install_data
