[0.793s] Invoking command in '/home/ezo/f1tenth_ws/src/car_description': PYTHONPATH=/home/ezo/f1tenth_ws/build/car_description/prefix_override:/usr/lib/python3/dist-packages/colcon_core/task/python/colcon_distutils_commands:/home/ezo/f1tenth_ws/install/car_description/lib/python3.10/site-packages:${PYTHONPATH} /usr/bin/python3 -W ignore:setup.py install is deprecated -W ignore:easy_install command is deprecated setup.py egg_info --egg-base ../../build/car_description build --build-base /home/ezo/f1tenth_ws/build/car_description/build install --record /home/ezo/f1tenth_ws/build/car_description/install.log --single-version-externally-managed install_data
[0.988s] running egg_info
[0.988s] writing ../../build/car_description/car_description.egg-info/PKG-INFO
[0.988s] writing dependency_links to ../../build/car_description/car_description.egg-info/dependency_links.txt
[0.989s] writing entry points to ../../build/car_description/car_description.egg-info/entry_points.txt
[0.989s] writing requirements to ../../build/car_description/car_description.egg-info/requires.txt
[0.989s] writing top-level names to ../../build/car_description/car_description.egg-info/top_level.txt
[0.990s] reading manifest file '../../build/car_description/car_description.egg-info/SOURCES.txt'
[0.991s] writing manifest file '../../build/car_description/car_description.egg-info/SOURCES.txt'
[0.991s] running build
[0.991s] running build_py
[0.991s] running install
[0.992s] running install_lib
[0.992s] running install_data
[0.992s] copying urdf/base_link.xacro -> /home/ezo/f1tenth_ws/install/car_description/share/car_description/urdf
[0.993s] running install_egg_info
[0.994s] removing '/home/ezo/f1tenth_ws/install/car_description/lib/python3.10/site-packages/car_description-0.0.0-py3.10.egg-info' (and everything under it)
[0.994s] Copying ../../build/car_description/car_description.egg-info to /home/ezo/f1tenth_ws/install/car_description/lib/python3.10/site-packages/car_description-0.0.0-py3.10.egg-info
[0.995s] running install_scripts
[1.010s] writing list of installed files to '/home/ezo/f1tenth_ws/build/car_description/install.log'
[1.035s] Invoked command in '/home/ezo/f1tenth_ws/src/car_description' returned '0': PYTHONPATH=/home/ezo/f1tenth_ws/build/car_description/prefix_override:/usr/lib/python3/dist-packages/colcon_core/task/python/colcon_distutils_commands:/home/ezo/f1tenth_ws/install/car_description/lib/python3.10/site-packages:${PYTHONPATH} /usr/bin/python3 -W ignore:setup.py install is deprecated -W ignore:easy_install command is deprecated setup.py egg_info --egg-base ../../build/car_description build --build-base /home/ezo/f1tenth_ws/build/car_description/build install --record /home/ezo/f1tenth_ws/build/car_description/install.log --single-version-externally-managed install_data
