[0.694s] Invoking command in '/home/ezo/f1tenth_ws/build/keyboard_teleop': PYTHONPATH=/home/ezo/f1tenth_ws/build/keyboard_teleop/prefix_override:/usr/lib/python3/dist-packages/colcon_core/task/python/colcon_distutils_commands:/home/ezo/f1tenth_ws/install/keyboard_teleop/lib/python3.10/site-packages:${PYTHONPATH} /usr/bin/python3 -W ignore:setup.py install is deprecated -W ignore:easy_install command is deprecated setup.py develop --editable --build-directory /home/ezo/f1tenth_ws/build/keyboard_teleop/build --no-deps symlink_data --force
[0.884s] /usr/lib/python3/dist-packages/setuptools/dist.py:723: UserWarning: Usage of dash-separated 'script-dir' will not be supported in future versions. Please use the underscore name 'script_dir' instead
[0.884s]   warnings.warn(
[0.907s] running develop
[1.050s] running egg_info
[1.050s] writing keyboard_teleop.egg-info/PKG-INFO
[1.050s] writing dependency_links to keyboard_teleop.egg-info/dependency_links.txt
[1.050s] writing entry points to keyboard_teleop.egg-info/entry_points.txt
[1.050s] writing requirements to keyboard_teleop.egg-info/requires.txt
[1.050s] writing top-level names to keyboard_teleop.egg-info/top_level.txt
[1.051s] reading manifest file 'keyboard_teleop.egg-info/SOURCES.txt'
[1.052s] writing manifest file 'keyboard_teleop.egg-info/SOURCES.txt'
[1.053s] running build_ext
[1.053s] Creating /home/ezo/f1tenth_ws/install/keyboard_teleop/lib/python3.10/site-packages/keyboard-teleop.egg-link (link to .)
[1.054s] Installing keyboard_teleop_hold script to /home/ezo/f1tenth_ws/install/keyboard_teleop/lib/keyboard_teleop
[1.054s] Installing keyboard_teleop_incremental script to /home/ezo/f1tenth_ws/install/keyboard_teleop/lib/keyboard_teleop
[1.054s] 
[1.054s] Installed /home/ezo/f1tenth_ws/build/keyboard_teleop
[1.054s] running symlink_data
[1.054s] symbolically linking /home/ezo/f1tenth_ws/build/keyboard_teleop/resource/keyboard_teleop -> /home/ezo/f1tenth_ws/install/keyboard_teleop/share/ament_index/resource_index/packages
[1.054s] symbolically linking /home/ezo/f1tenth_ws/build/keyboard_teleop/package.xml -> /home/ezo/f1tenth_ws/install/keyboard_teleop/share/keyboard_teleop
[1.055s] symbolically linking /home/ezo/f1tenth_ws/build/keyboard_teleop/config/key_teleop.yaml -> /home/ezo/f1tenth_ws/install/keyboard_teleop/share/keyboard_teleop/config
[1.072s] Invoked command in '/home/ezo/f1tenth_ws/build/keyboard_teleop' returned '0': PYTHONPATH=/home/ezo/f1tenth_ws/build/keyboard_teleop/prefix_override:/usr/lib/python3/dist-packages/colcon_core/task/python/colcon_distutils_commands:/home/ezo/f1tenth_ws/install/keyboard_teleop/lib/python3.10/site-packages:${PYTHONPATH} /usr/bin/python3 -W ignore:setup.py install is deprecated -W ignore:easy_install command is deprecated setup.py develop --editable --build-directory /home/ezo/f1tenth_ws/build/keyboard_teleop/build --no-deps symlink_data --force
