[0.492s] Invoking command in '/home/ezo/f1tenth_ws/src/car_description': CONDA_PROMPT_MODIFIER=(base) PYTHONPATH=/home/ezo/f1tenth_ws/build/car_description/prefix_override:/usr/lib/python3/dist-packages/colcon_core/task/python/colcon_distutils_commands:/home/ezo/f1tenth_ws/install/car_description/lib/python3.10/site-packages:${PYTHONPATH} /usr/bin/python3 -W ignore:setup.py install is deprecated -W ignore:easy_install command is deprecated setup.py egg_info --egg-base ../../build/car_description build --build-base /home/ezo/f1tenth_ws/build/car_description/build install --record /home/ezo/f1tenth_ws/build/car_description/install.log --single-version-externally-managed install_data
[0.680s] running egg_info
[0.680s] writing ../../build/car_description/car_description.egg-info/PKG-INFO
[0.680s] writing dependency_links to ../../build/car_description/car_description.egg-info/dependency_links.txt
[0.680s] writing entry points to ../../build/car_description/car_description.egg-info/entry_points.txt
[0.681s] writing requirements to ../../build/car_description/car_description.egg-info/requires.txt
[0.681s] writing top-level names to ../../build/car_description/car_description.egg-info/top_level.txt
[0.682s] reading manifest file '../../build/car_description/car_description.egg-info/SOURCES.txt'
[0.683s] writing manifest file '../../build/car_description/car_description.egg-info/SOURCES.txt'
[0.683s] running build
[0.684s] running build_py
[0.684s] running install
[0.684s] running install_lib
[0.685s] running install_data
[0.685s] copying urdf/macros.xacro -> /home/ezo/f1tenth_ws/install/car_description/share/car_description/urdf
[0.685s] copying urdf/base_link.xacro -> /home/ezo/f1tenth_ws/install/car_description/share/car_description/urdf
[0.685s] running install_egg_info
[0.686s] removing '/home/ezo/f1tenth_ws/install/car_description/lib/python3.10/site-packages/car_description-0.0.0-py3.10.egg-info' (and everything under it)
[0.687s] Copying ../../build/car_description/car_description.egg-info to /home/ezo/f1tenth_ws/install/car_description/lib/python3.10/site-packages/car_description-0.0.0-py3.10.egg-info
[0.687s] running install_scripts
[0.702s] writing list of installed files to '/home/ezo/f1tenth_ws/build/car_description/install.log'
[0.718s] Invoked command in '/home/ezo/f1tenth_ws/src/car_description' returned '0': CONDA_PROMPT_MODIFIER=(base) PYTHONPATH=/home/ezo/f1tenth_ws/build/car_description/prefix_override:/usr/lib/python3/dist-packages/colcon_core/task/python/colcon_distutils_commands:/home/ezo/f1tenth_ws/install/car_description/lib/python3.10/site-packages:${PYTHONPATH} /usr/bin/python3 -W ignore:setup.py install is deprecated -W ignore:easy_install command is deprecated setup.py egg_info --egg-base ../../build/car_description build --build-base /home/ezo/f1tenth_ws/build/car_description/build install --record /home/ezo/f1tenth_ws/build/car_description/install.log --single-version-externally-managed install_data
