[0.558s] Invoking command in '/home/ezo/f1tenth_ws/src/car_description': CONDA_PROMPT_MODIFIER=(base) PYTHONPATH=/home/ezo/f1tenth_ws/build/car_description/prefix_override:/usr/lib/python3/dist-packages/colcon_core/task/python/colcon_distutils_commands:/home/ezo/f1tenth_ws/install/car_description/lib/python3.10/site-packages:${PYTHONPATH} /usr/bin/python3 -W ignore:setup.py install is deprecated -W ignore:easy_install command is deprecated setup.py egg_info --egg-base ../../build/car_description build --build-base /home/ezo/f1tenth_ws/build/car_description/build install --record /home/ezo/f1tenth_ws/build/car_description/install.log --single-version-externally-managed install_data
[0.745s] running egg_info
[0.746s] creating ../../build/car_description/car_description.egg-info
[0.746s] writing ../../build/car_description/car_description.egg-info/PKG-INFO
[0.746s] writing dependency_links to ../../build/car_description/car_description.egg-info/dependency_links.txt
[0.746s] writing entry points to ../../build/car_description/car_description.egg-info/entry_points.txt
[0.746s] writing requirements to ../../build/car_description/car_description.egg-info/requires.txt
[0.746s] writing top-level names to ../../build/car_description/car_description.egg-info/top_level.txt
[0.747s] writing manifest file '../../build/car_description/car_description.egg-info/SOURCES.txt'
[0.748s] reading manifest file '../../build/car_description/car_description.egg-info/SOURCES.txt'
[0.748s] writing manifest file '../../build/car_description/car_description.egg-info/SOURCES.txt'
[0.748s] running build
[0.749s] running build_py
[0.749s] creating /home/ezo/f1tenth_ws/build/car_description/build
[0.749s] creating /home/ezo/f1tenth_ws/build/car_description/build/lib
[0.749s] creating /home/ezo/f1tenth_ws/build/car_description/build/lib/car_description
[0.749s] copying car_description/__init__.py -> /home/ezo/f1tenth_ws/build/car_description/build/lib/car_description
[0.749s] running install
[0.749s] running install_lib
[0.749s] creating /home/ezo/f1tenth_ws/install/car_description/lib/python3.10/site-packages/car_description
[0.750s] copying /home/ezo/f1tenth_ws/build/car_description/build/lib/car_description/__init__.py -> /home/ezo/f1tenth_ws/install/car_description/lib/python3.10/site-packages/car_description
[0.750s] byte-compiling /home/ezo/f1tenth_ws/install/car_description/lib/python3.10/site-packages/car_description/__init__.py to __init__.cpython-310.pyc
[0.750s] running install_data
[0.750s] creating /home/ezo/f1tenth_ws/install/car_description/share/ament_index
[0.750s] creating /home/ezo/f1tenth_ws/install/car_description/share/ament_index/resource_index
[0.750s] creating /home/ezo/f1tenth_ws/install/car_description/share/ament_index/resource_index/packages
[0.750s] copying resource/car_description -> /home/ezo/f1tenth_ws/install/car_description/share/ament_index/resource_index/packages
[0.751s] copying package.xml -> /home/ezo/f1tenth_ws/install/car_description/share/car_description
[0.751s] running install_egg_info
[0.751s] Copying ../../build/car_description/car_description.egg-info to /home/ezo/f1tenth_ws/install/car_description/lib/python3.10/site-packages/car_description-0.0.0-py3.10.egg-info
[0.752s] running install_scripts
[0.766s] writing list of installed files to '/home/ezo/f1tenth_ws/build/car_description/install.log'
[0.781s] Invoked command in '/home/ezo/f1tenth_ws/src/car_description' returned '0': CONDA_PROMPT_MODIFIER=(base) PYTHONPATH=/home/ezo/f1tenth_ws/build/car_description/prefix_override:/usr/lib/python3/dist-packages/colcon_core/task/python/colcon_distutils_commands:/home/ezo/f1tenth_ws/install/car_description/lib/python3.10/site-packages:${PYTHONPATH} /usr/bin/python3 -W ignore:setup.py install is deprecated -W ignore:easy_install command is deprecated setup.py egg_info --egg-base ../../build/car_description build --build-base /home/ezo/f1tenth_ws/build/car_description/build install --record /home/ezo/f1tenth_ws/build/car_description/install.log --single-version-externally-managed install_data
