/home/ezo/f1tenth_ws/install/car_description/lib/python3.10/site-packages/car_description/__init__.py
/home/ezo/f1tenth_ws/install/car_description/lib/python3.10/site-packages/car_description/__pycache__/__init__.cpython-310.pyc
/home/ezo/f1tenth_ws/install/car_description/share/ament_index/resource_index/packages/car_description
/home/ezo/f1tenth_ws/install/car_description/share/car_description/package.xml
/home/ezo/f1tenth_ws/install/car_description/share/car_description/rviz_launch.launch.py
/home/ezo/f1tenth_ws/install/car_description/share/car_description/urdf/material.xacro
/home/ezo/f1tenth_ws/install/car_description/share/car_description/urdf/macros.xacro
/home/ezo/f1tenth_ws/install/car_description/share/car_description/urdf/base_link.xacro
/home/ezo/f1tenth_ws/install/car_description/share/car_description/meshes/steering_hinge.stl
/home/ezo/f1tenth_ws/install/car_description/share/car_description/meshes/wheel.stl
/home/ezo/f1tenth_ws/install/car_description/share/car_description/meshes/right_wheel.stl
/home/ezo/f1tenth_ws/install/car_description/share/car_description/meshes/chassis.stl
/home/ezo/f1tenth_ws/install/car_description/share/car_description/meshes/left_wheel.stl
/home/ezo/f1tenth_ws/install/car_description/share/car_description/rviz/racecar.rviz
/home/ezo/f1tenth_ws/install/car_description/share/car_description/config/car_params.yaml
/home/ezo/f1tenth_ws/install/car_description/share/car_description/config/ackermann_control.yaml
/home/ezo/f1tenth_ws/install/car_description/lib/python3.10/site-packages/car_description-0.0.0-py3.10.egg-info/dependency_links.txt
/home/ezo/f1tenth_ws/install/car_description/lib/python3.10/site-packages/car_description-0.0.0-py3.10.egg-info/PKG-INFO
/home/ezo/f1tenth_ws/install/car_description/lib/python3.10/site-packages/car_description-0.0.0-py3.10.egg-info/requires.txt
/home/ezo/f1tenth_ws/install/car_description/lib/python3.10/site-packages/car_description-0.0.0-py3.10.egg-info/SOURCES.txt
/home/ezo/f1tenth_ws/install/car_description/lib/python3.10/site-packages/car_description-0.0.0-py3.10.egg-info/entry_points.txt
/home/ezo/f1tenth_ws/install/car_description/lib/python3.10/site-packages/car_description-0.0.0-py3.10.egg-info/top_level.txt
/home/ezo/f1tenth_ws/install/car_description/lib/python3.10/site-packages/car_description-0.0.0-py3.10.egg-info/zip-safe
