[0.699s] Invoking command in '/home/ezo/f1tenth_ws/build/keyboard_teleop': PYTHONPATH=/home/ezo/f1tenth_ws/build/keyboard_teleop/prefix_override:/usr/lib/python3/dist-packages/colcon_core/task/python/colcon_distutils_commands:/home/ezo/f1tenth_ws/install/keyboard_teleop/lib/python3.10/site-packages:${PYTHONPATH} /usr/bin/python3 -W ignore:setup.py install is deprecated -W ignore:easy_install command is deprecated setup.py develop --editable --build-directory /home/ezo/f1tenth_ws/build/keyboard_teleop/build --no-deps symlink_data
[0.885s] /usr/lib/python3/dist-packages/setuptools/dist.py:723: UserWarning: Usage of dash-separated 'script-dir' will not be supported in future versions. Please use the underscore name 'script_dir' instead
[0.885s]   warnings.warn(
[0.906s] running develop
[1.052s] running egg_info
[1.053s] writing keyboard_teleop.egg-info/PKG-INFO
[1.053s] writing dependency_links to keyboard_teleop.egg-info/dependency_links.txt
[1.053s] writing entry points to keyboard_teleop.egg-info/entry_points.txt
[1.053s] writing requirements to keyboard_teleop.egg-info/requires.txt
[1.053s] writing top-level names to keyboard_teleop.egg-info/top_level.txt
[1.054s] reading manifest file 'keyboard_teleop.egg-info/SOURCES.txt'
[1.055s] writing manifest file 'keyboard_teleop.egg-info/SOURCES.txt'
[1.056s] running build_ext
[1.056s] Creating /home/ezo/f1tenth_ws/install/keyboard_teleop/lib/python3.10/site-packages/keyboard-teleop.egg-link (link to .)
[1.057s] Installing keyboard_teleop_hold script to /home/ezo/f1tenth_ws/install/keyboard_teleop/lib/keyboard_teleop
[1.057s] Installing keyboard_teleop_incremental script to /home/ezo/f1tenth_ws/install/keyboard_teleop/lib/keyboard_teleop
[1.057s] 
[1.057s] Installed /home/ezo/f1tenth_ws/build/keyboard_teleop
[1.057s] running symlink_data
[1.086s] Invoked command in '/home/ezo/f1tenth_ws/build/keyboard_teleop' returned '0': PYTHONPATH=/home/ezo/f1tenth_ws/build/keyboard_teleop/prefix_override:/usr/lib/python3/dist-packages/colcon_core/task/python/colcon_distutils_commands:/home/ezo/f1tenth_ws/install/keyboard_teleop/lib/python3.10/site-packages:${PYTHONPATH} /usr/bin/python3 -W ignore:setup.py install is deprecated -W ignore:easy_install command is deprecated setup.py develop --editable --build-directory /home/ezo/f1tenth_ws/build/keyboard_teleop/build --no-deps symlink_data
