[0.710s] Invoking command in '/home/ezo/f1tenth_ws/src/car_description': PYTHONPATH=/home/ezo/f1tenth_ws/build/car_description/prefix_override:/usr/lib/python3/dist-packages/colcon_core/task/python/colcon_distutils_commands:/home/ezo/f1tenth_ws/install/car_description/lib/python3.10/site-packages:${PYTHONPATH} /usr/bin/python3 -W ignore:setup.py install is deprecated -W ignore:easy_install command is deprecated setup.py egg_info --egg-base ../../build/car_description build --build-base /home/ezo/f1tenth_ws/build/car_description/build install --record /home/ezo/f1tenth_ws/build/car_description/install.log --single-version-externally-managed install_data
[0.902s] running egg_info
[0.903s] writing ../../build/car_description/car_description.egg-info/PKG-INFO
[0.903s] writing dependency_links to ../../build/car_description/car_description.egg-info/dependency_links.txt
[0.903s] writing entry points to ../../build/car_description/car_description.egg-info/entry_points.txt
[0.903s] writing requirements to ../../build/car_description/car_description.egg-info/requires.txt
[0.903s] writing top-level names to ../../build/car_description/car_description.egg-info/top_level.txt
[0.904s] reading manifest file '../../build/car_description/car_description.egg-info/SOURCES.txt'
[0.905s] writing manifest file '../../build/car_description/car_description.egg-info/SOURCES.txt'
[0.905s] running build
[0.905s] running build_py
[0.905s] running install
[0.905s] running install_lib
[0.906s] running install_data
[0.906s] copying launch/rviz_launch.launch.py -> /home/ezo/f1tenth_ws/install/car_description/share/car_description
[0.906s] copying urdf/base_link.xacro -> /home/ezo/f1tenth_ws/install/car_description/share/car_description/urdf
[0.907s] running install_egg_info
[0.908s] removing '/home/ezo/f1tenth_ws/install/car_description/lib/python3.10/site-packages/car_description-0.0.0-py3.10.egg-info' (and everything under it)
[0.908s] Copying ../../build/car_description/car_description.egg-info to /home/ezo/f1tenth_ws/install/car_description/lib/python3.10/site-packages/car_description-0.0.0-py3.10.egg-info
[0.909s] running install_scripts
[0.924s] writing list of installed files to '/home/ezo/f1tenth_ws/build/car_description/install.log'
[0.940s] Invoked command in '/home/ezo/f1tenth_ws/src/car_description' returned '0': PYTHONPATH=/home/ezo/f1tenth_ws/build/car_description/prefix_override:/usr/lib/python3/dist-packages/colcon_core/task/python/colcon_distutils_commands:/home/ezo/f1tenth_ws/install/car_description/lib/python3.10/site-packages:${PYTHONPATH} /usr/bin/python3 -W ignore:setup.py install is deprecated -W ignore:easy_install command is deprecated setup.py egg_info --egg-base ../../build/car_description build --build-base /home/ezo/f1tenth_ws/build/car_description/build install --record /home/ezo/f1tenth_ws/build/car_description/install.log --single-version-externally-managed install_data
