running egg_info
writing ../../build/car_description/car_description.egg-info/PKG-INFO
writing dependency_links to ../../build/car_description/car_description.egg-info/dependency_links.txt
writing entry points to ../../build/car_description/car_description.egg-info/entry_points.txt
writing requirements to ../../build/car_description/car_description.egg-info/requires.txt
writing top-level names to ../../build/car_description/car_description.egg-info/top_level.txt
reading manifest file '../../build/car_description/car_description.egg-info/SOURCES.txt'
writing manifest file '../../build/car_description/car_description.egg-info/SOURCES.txt'
running build
running build_py
running install
running install_lib
running install_data
copying package.xml -> /home/ezo/f1tenth_ws/install/car_description/share/car_description
copying launch/rviz_launch.launch.py -> /home/ezo/f1tenth_ws/install/car_description/share/car_description
creating /home/ezo/f1tenth_ws/install/car_description/share/car_description/urdf
copying urdf/material.xacro -> /home/ezo/f1tenth_ws/install/car_description/share/car_description/urdf
copying urdf/macros.xacro -> /home/ezo/f1tenth_ws/install/car_description/share/car_description/urdf
copying urdf/base_link.xacro -> /home/ezo/f1tenth_ws/install/car_description/share/car_description/urdf
creating /home/ezo/f1tenth_ws/install/car_description/share/car_description/meshes
copying meshes/steering_hinge.stl -> /home/ezo/f1tenth_ws/install/car_description/share/car_description/meshes
copying meshes/wheel.stl -> /home/ezo/f1tenth_ws/install/car_description/share/car_description/meshes
copying meshes/right_wheel.stl -> /home/ezo/f1tenth_ws/install/car_description/share/car_description/meshes
copying meshes/chassis.stl -> /home/ezo/f1tenth_ws/install/car_description/share/car_description/meshes
copying meshes/left_wheel.stl -> /home/ezo/f1tenth_ws/install/car_description/share/car_description/meshes
creating /home/ezo/f1tenth_ws/install/car_description/share/car_description/rviz
copying rviz/racecar.rviz -> /home/ezo/f1tenth_ws/install/car_description/share/car_description/rviz
creating /home/ezo/f1tenth_ws/install/car_description/share/car_description/config
copying config/car_params.yaml -> /home/ezo/f1tenth_ws/install/car_description/share/car_description/config
copying config/ackermann_control.yaml -> /home/ezo/f1tenth_ws/install/car_description/share/car_description/config
running install_egg_info
removing '/home/ezo/f1tenth_ws/install/car_description/lib/python3.10/site-packages/car_description-0.0.0-py3.10.egg-info' (and everything under it)
Copying ../../build/car_description/car_description.egg-info to /home/ezo/f1tenth_ws/install/car_description/lib/python3.10/site-packages/car_description-0.0.0-py3.10.egg-info
running install_scripts
writing list of installed files to '/home/ezo/f1tenth_ws/build/car_description/install.log'
